<?xml version="1.0" encoding="UTF-8"?>
<!-- Generated by org.testng.reporters.JUnitXMLReporter -->
<testsuite ignored="6" hostname="DESKTOP-O7EBPNU" failures="0" tests="4" name="Group" time="0.273" errors="0" timestamp="2023-10-13T13:08:53 PDT">
  <testcase classname="advancedTesting.GroupExample2" name="testPIM" time="0.023"/>
  <testcase classname="advancedTesting.GroupExample2" name="testTask" time="0.004"/>
  <testcase classname="advancedTesting.GroupExample" name="testCaseFive" time="0.004"/>
  <testcase classname="advancedTesting.GroupExample" name="testCaseThree" time="0.004"/>
  <testcase classname="advancedTesting.GroupExample2" name="testLeads" time="0.0">
    <ignored/>
  </testcase> <!-- testLeads -->
  <testcase classname="advancedTesting.GroupExample" name="testCaseFour" time="0.0">
    <ignored/>
  </testcase> <!-- testCaseFour -->
  <testcase classname="advancedTesting.GroupExample2" name="testLogin" time="0.0">
    <ignored/>
  </testcase> <!-- testLogin -->
  <testcase classname="advancedTesting.GroupExample2" name="testSignIn" time="0.0">
    <ignored/>
  </testcase> <!-- testSignIn -->
  <testcase classname="advancedTesting.GroupExample" name="testCaseTwo" time="0.0">
    <ignored/>
  </testcase> <!-- testCaseTwo -->
  <testcase classname="advancedTesting.GroupExample" name="testCaseOne" time="0.0">
    <ignored/>
  </testcase> <!-- testCaseOne -->
</testsuite> <!-- Group -->
