<?xml version="1.0" encoding="UTF-8" ?>
<testsuite tests="4" failures="0" name="TestSuite" time="5.52" errors="0" skipped="0">
  <properties>
[...]
</properties>
  <testcase classname="testscriptSwag.TestSwagDemo" name="testLogin" time="2.353"/>
  <testcase classname="testscriptSwag.TestSwagDemo" name="testClickAddCart" time="0.611"/>
  <testcase classname="testscriptSwag.TestSwagDemo" name="testCheckOutAndFinish" time="2.131"/>
  <testcase classname="testscriptSwag.TestSwagDemo" name="testThankYouMsg" time="0.425"/>
</testsuite>