<?xml version="1.0" encoding="UTF-8"?>
<!-- Generated by org.testng.reporters.JUnitXMLReporter -->
<testsuite ignored="0" hostname="DESKTOP-O7EBPNU" failures="0" tests="4" name="Test" time="33.33" errors="0" timestamp="2023-10-19T06:34:46 PDT">
  <testcase classname="testscriptSwag.TestSwagDemo" name="testLogin" time="2.339"/>
  <testcase classname="testscriptSwag.TestSwagDemo" name="testClickAddCart" time="0.611"/>
  <testcase classname="testscriptSwag.TestSwagDemo" name="testCheckOutAndFinish" time="2.132"/>
  <testcase classname="testscriptSwag.TestSwagDemo" name="testThankYouMsg" time="0.425"/>
</testsuite> <!-- Test -->
